<?xml version="1.0" encoding="UTF-8"?>
<!-- Generated by org.testng.reporters.JUnitReportReporter -->
<testsuite skipped="0" hostname="Nilesh-Patel" name="com.runners.runner" tests="2" failures="0" timestamp="19 Mar 2019 07:12:23 GMT" time="0.285" errors="0">
  <testcase name="feature" time="0.032" classname="com.runners.runner"/>
  <testcase name="feature" time="0.253" classname="com.runners.runner"/>
</testsuite> <!-- com.runners.runner -->
